<?xml version="1.0" encoding="utf-8"?><testsuites name="pytest tests"><testsuite name="pytest" errors="0" failures="0" skipped="0" tests="8" time="1.174" timestamp="2026-08-21T10:29:07.466632+00:00" hostname="agent-env-c81614f8-d98f-47f8-a497-b88ecbd81bd4"><testcase classname="tests.backend_test.TestDashboard" name="test_dashboard_status" time="0.170" /><testcase classname="tests.backend_test.TestDocketPatch" name="test_patch_updates_status_persists_in_response" time="0.281" /><testcase classname="tests.backend_test.TestDashboard" name="test_dashboard_shape" time="0.044" /><testcase classname="tests.backend_test.TestStatus" name="test_root" time="0.044" /><testcase classname="tests.backend_test.TestStatus" name="test_create_and_list_status" time="0.092" /><testcase classname="tests.backend_test.TestDocketPatch" name="test_patch_persists_across_get" time="0.236" /><testcase classname="tests.backend_test.TestDocketPatch" name="test_patch_unknown_id_returns_error_payload" time="0.071" /><testcase classname="tests.backend_test.TestDocketPatch" name="test_patch_missing_status_returns_422" time="0.069" /></testsuite></testsuites>